<?xml version="1.0" encoding="UTF-8"?>
<!-- Generated by org.testng.reporters.JUnitXMLReporter -->
<testsuite ignored="0" hostname="DESKTOP-UHGGO52" failures="0" tests="4" name="Default test" time="48.216" errors="0" timestamp="2022-07-29T15:50:05 IST">
  <testcase classname="testcases.Tc01AmazonShopping" name="validateFirstPage" time="7.917"/>
  <testcase classname="testcases.Tc01AmazonShopping" name="validatePage1" time="6.609"/>
  <testcase classname="testcases.Tc01AmazonShopping" name="iphonesAbove1l" time="20.334"/>
  <testcase classname="testcases.Tc01AmazonShopping" name="CartValidation" time="0.314"/>
</testsuite> <!-- Default test -->
